# JRE version: OpenJDK Runtime Environment (8.0_152-b01) (build 1.8.0_152-release-915-b01)
# Java VM: OpenJDK 64-Bit Server VM (25.152-b01 mixed mode windows-amd64 compressed oops)
Heap:
 PSYoungGen      total 141824K, used 56026K [0x00000000e0000000, 0x00000000ead00000, 0x0000000100000000)
  eden space 123904K, 33% used [0x00000000e0000000,0x00000000e2851bd0,0x00000000e7900000)
  from space 17920K, 82% used [0x00000000e8c00000,0x00000000e9a64d68,0x00000000e9d80000)
  to   space 19456K, 0% used [0x00000000e7900000,0x00000000e7900000,0x00000000e8c00000)
 ParOldGen       total 119808K, used 54647K [0x00000000a0000000, 0x00000000a7500000, 0x00000000e0000000)
  object space 119808K, 45% used [0x00000000a0000000,0x00000000a355dcc0,0x00000000a7500000)
 Metaspace       used 74646K, capacity 78262K, committed 78424K, reserved 1118208K
  class space    used 9726K, capacity 10597K, committed 10624K, reserved 1048576K
GC Heap History (10 events):
Event: 36.281 GC heap before
{Heap before GC invocations=21 (full 3):
 PSYoungGen      total 112128K, used 98816K [0x00000000e0000000, 0x00000000e8e00000, 0x0000000100000000)
  eden space 98816K, 100% used [0x00000000e0000000,0x00000000e6080000,0x00000000e6080000)
  from space 13312K, 0% used [0x00000000e6080000,0x00000000e6080000,0x00000000e6d80000)
  to   space 12800K, 0% used [0x00000000e8180000,0x00000000e8180000,0x00000000e8e00000)
 ParOldGen       total 119808K, used 35217K [0x00000000a0000000, 0x00000000a7500000, 0x00000000e0000000)
  object space 119808K, 29% used [0x00000000a0000000,0x00000000a2264698,0x00000000a7500000)
 Metaspace       used 58193K, capacity 60334K, committed 60376K, reserved 1101824K
  class space    used 7888K, capacity 8444K, committed 8448K, reserved 1048576K
Event: 36.305 GC heap after
Heap after GC invocations=21 (full 3):
 PSYoungGen      total 126464K, used 11765K [0x00000000e0000000, 0x00000000e8d00000, 0x0000000100000000)
  eden space 114688K, 0% used [0x00000000e0000000,0x00000000e0000000,0x00000000e7000000)
  from space 11776K, 99% used [0x00000000e8180000,0x00000000e8cfd610,0x00000000e8d00000)
  to   space 14336K, 0% used [0x00000000e7100000,0x00000000e7100000,0x00000000e7f00000)
 ParOldGen       total 119808K, used 35225K [0x00000000a0000000, 0x00000000a7500000, 0x00000000e0000000)
  object space 119808K, 29% used [0x00000000a0000000,0x00000000a2266698,0x00000000a7500000)
 Metaspace       used 58193K, capacity 60334K, committed 60376K, reserved 1101824K
  class space    used 7888K, capacity 8444K, committed 8448K, reserved 1048576K
}
Event: 51.986 GC heap before
{Heap before GC invocations=22 (full 3):
 PSYoungGen      total 126464K, used 126453K [0x00000000e0000000, 0x00000000e8d00000, 0x0000000100000000)
  eden space 114688K, 100% used [0x00000000e0000000,0x00000000e7000000,0x00000000e7000000)
  from space 11776K, 99% used [0x00000000e8180000,0x00000000e8cfd610,0x00000000e8d00000)
  to   space 14336K, 0% used [0x00000000e7100000,0x00000000e7100000,0x00000000e7f00000)
 ParOldGen       total 119808K, used 35225K [0x00000000a0000000, 0x00000000a7500000, 0x00000000e0000000)
  object space 119808K, 29% used [0x00000000a0000000,0x00000000a2266698,0x00000000a7500000)
 Metaspace       used 63146K, capacity 65914K, committed 66136K, reserved 1105920K
  class space    used 8333K, capacity 9001K, committed 9088K, reserved 1048576K
Event: 52.022 GC heap after
Heap after GC invocations=22 (full 3):
 PSYoungGen      total 130048K, used 14318K [0x00000000e0000000, 0x00000000ea380000, 0x0000000100000000)
  eden space 115712K, 0% used [0x00000000e0000000,0x00000000e0000000,0x00000000e7100000)
  from space 14336K, 99% used [0x00000000e7100000,0x00000000e7efb880,0x00000000e7f00000)
  to   space 18432K, 0% used [0x00000000e9180000,0x00000000e9180000,0x00000000ea380000)
 ParOldGen       total 119808K, used 40901K [0x00000000a0000000, 0x00000000a7500000, 0x00000000e0000000)
  object space 119808K, 34% used [0x00000000a0000000,0x00000000a27f1638,0x00000000a7500000)
 Metaspace       used 63146K, capacity 65914K, committed 66136K, reserved 1105920K
  class space    used 8333K, capacity 9001K, committed 9088K, reserved 1048576K
}
Event: 955.174 GC heap before
{Heap before GC invocations=23 (full 3):
 PSYoungGen      total 130048K, used 130030K [0x00000000e0000000, 0x00000000ea380000, 0x0000000100000000)
  eden space 115712K, 100% used [0x00000000e0000000,0x00000000e7100000,0x00000000e7100000)
  from space 14336K, 99% used [0x00000000e7100000,0x00000000e7efb880,0x00000000e7f00000)
  to   space 18432K, 0% used [0x00000000e9180000,0x00000000e9180000,0x00000000ea380000)
 ParOldGen       total 119808K, used 40901K [0x00000000a0000000, 0x00000000a7500000, 0x00000000e0000000)
  object space 119808K, 34% used [0x00000000a0000000,0x00000000a27f1638,0x00000000a7500000)
 Metaspace       used 66270K, capacity 69368K, committed 69464K, reserved 1110016K
  class space    used 8737K, capacity 9526K, committed 9600K, reserved 1048576K
Event: 955.207 GC heap after
Heap after GC invocations=23 (full 3):
 PSYoungGen      total 143872K, used 6916K [0x00000000e0000000, 0x00000000ea000000, 0x0000000100000000)
  eden space 129024K, 0% used [0x00000000e0000000,0x00000000e0000000,0x00000000e7e00000)
  from space 14848K, 46% used [0x00000000e9180000,0x00000000e98413e8,0x00000000ea000000)
  to   space 17408K, 0% used [0x00000000e7e00000,0x00000000e7e00000,0x00000000e8f00000)
 ParOldGen       total 119808K, used 54631K [0x00000000a0000000, 0x00000000a7500000, 0x00000000e0000000)
  object space 119808K, 45% used [0x00000000a0000000,0x00000000a3559cc0,0x00000000a7500000)
 Metaspace       used 66270K, capacity 69368K, committed 69464K, reserved 1110016K
  class space    used 8737K, capacity 9526K, committed 9600K, reserved 1048576K
}
Event: 965.336 GC heap before
{Heap before GC invocations=24 (full 3):
 PSYoungGen      total 143872K, used 135940K [0x00000000e0000000, 0x00000000ea000000, 0x0000000100000000)
  eden space 129024K, 100% used [0x00000000e0000000,0x00000000e7e00000,0x00000000e7e00000)
  from space 14848K, 46% used [0x00000000e9180000,0x00000000e98413e8,0x00000000ea000000)
  to   space 17408K, 0% used [0x00000000e7e00000,0x00000000e7e00000,0x00000000e8f00000)
 ParOldGen       total 119808K, used 54631K [0x00000000a0000000, 0x00000000a7500000, 0x00000000e0000000)
  object space 119808K, 45% used [0x00000000a0000000,0x00000000a3559cc0,0x00000000a7500000)
 Metaspace       used 71587K, capacity 74942K, committed 75096K, reserved 1114112K
  class space    used 9402K, capacity 10277K, committed 10368K, reserved 1048576K
Event: 965.356 GC heap after
Heap after GC invocations=24 (full 3):
 PSYoungGen      total 137728K, used 11904K [0x00000000e0000000, 0x00000000e9d80000, 0x0000000100000000)
  eden space 125440K, 0% used [0x00000000e0000000,0x00000000e0000000,0x00000000e7a80000)
  from space 12288K, 96% used [0x00000000e7e00000,0x00000000e89a0090,0x00000000e8a00000)
  to   space 17920K, 0% used [0x00000000e8c00000,0x00000000e8c00000,0x00000000e9d80000)
 ParOldGen       total 119808K, used 54639K [0x00000000a0000000, 0x00000000a7500000, 0x00000000e0000000)
  object space 119808K, 45% used [0x00000000a0000000,0x00000000a355bcc0,0x00000000a7500000)
 Metaspace       used 71587K, capacity 74942K, committed 75096K, reserved 1114112K
  class space    used 9402K, capacity 10277K, committed 10368K, reserved 1048576K
}
Event: 970.658 GC heap before
{Heap before GC invocations=25 (full 3):
 PSYoungGen      total 137728K, used 137024K [0x00000000e0000000, 0x00000000e9d80000, 0x0000000100000000)
  eden space 125440K, 99% used [0x00000000e0000000,0x00000000e7a30110,0x00000000e7a80000)
  from space 12288K, 96% used [0x00000000e7e00000,0x00000000e89a0090,0x00000000e8a00000)
  to   space 17920K, 0% used [0x00000000e8c00000,0x00000000e8c00000,0x00000000e9d80000)
 ParOldGen       total 119808K, used 54639K [0x00000000a0000000, 0x00000000a7500000, 0x00000000e0000000)
  object space 119808K, 45% used [0x00000000a0000000,0x00000000a355bcc0,0x00000000a7500000)
 Metaspace       used 74035K, capacity 77542K, committed 77912K, reserved 1116160K
  class space    used 9641K, capacity 10499K, committed 10624K, reserved 1048576K
Event: 970.712 GC heap after
Heap after GC invocations=25 (full 3):
 PSYoungGen      total 141824K, used 14739K [0x00000000e0000000, 0x00000000ead00000, 0x0000000100000000)
  eden space 123904K, 0% used [0x00000000e0000000,0x00000000e0000000,0x00000000e7900000)
  from space 17920K, 82% used [0x00000000e8c00000,0x00000000e9a64d68,0x00000000e9d80000)
  to   space 19456K, 0% used [0x00000000e7900000,0x00000000e7900000,0x00000000e8c00000)
 ParOldGen       total 119808K, used 54647K [0x00000000a0000000, 0x00000000a7500000, 0x00000000e0000000)
  object space 119808K, 45% used [0x00000000a0000000,0x00000000a355dcc0,0x00000000a7500000)
 Metaspace       used 74035K, capacity 77542K, committed 77912K, reserved 1116160K
  class space    used 9641K, capacity 10499K, committed 10624K, reserved 1048576K
}

